


ARM Macro Assembler    Page 1 


    1 00000000         
    2 00000000                 AREA             |.text|, CODE, READONLY, ALIGN=
2
    3 00000000         
    4 00000000                 THUMB
    5 00000000         ;EXPORT OS
    6 00000000                 EXTERN           RunPt
    7 00000000         
    8 00000000 B672    OS_Suspend
                               CPSID            I
    9 00000002 E92D 0FF0       PUSH             {R4-R11}
   10 00000006 480E            LDR              R0, =RunPt
   11 00000008 6801            LDR              R1, [R0]
   12 0000000A F8C1 D000       STR              SP, [R1]
   13 0000000E 6849            LDR              R1, [R1, #4]
   14 00000010 6001            STR              R1, [R0]
   15 00000012 F8DB D000       LDR              SP, [R11]
   16 00000016 E8BD 0FF0       POP              {R4-R11}
   17 0000001A B662            CPSIE            I
   18 0000001C 4770            BX               LR
   19 0000001E         
   20 0000001E 4808    OS_Init LDR              R0, =RunPt
   21 00000020 6802            LDR              R2, [R0]
   22 00000022 F8D2 D000       LDR              SP, [R2]
   23 00000026 E8BD 0FF0       POP              {R4-R11}
   24 0000002A BC0F            POP              {R0-R3}
   25 0000002C F85D CB04       POP              {R12}
   26 00000030 F85D EB04       POP              {LR}
   27 00000034 F85D EB04       POP              {LR}
   28 00000038 BC02            POP              {R1}
   29 0000003A B662            CPSIE            I
   30 0000003C 4770            BX               LR
   31 0000003E         
   32 0000003E         
   33 0000003E 00 00           ALIGN
   34 00000040                 END
              00000000 
Command Line: --debug --xref --cpu=Cortex-M4 --apcs=interwork --depend=.\os.d -
o.\os.o -IC:\Keil\ARM\RV31\INC -IC:\Keil\ARM\CMSIS\Include -IC:\Keil\ARM\Inc\Lu
minary --predefine="__EVAL SETA 1" --list=.\os.lst ..\Lab2_445M\OS.s



ARM Macro Assembler    Page 1 Alphabetic symbol ordering
Relocatable symbols

.text 00000000

Symbol: .text
   Definitions
      At line 2 in file ..\Lab2_445M\OS.s
   Uses
      None
Comment: .text unused
OS_Init 0000001E

Symbol: OS_Init
   Definitions
      At line 20 in file ..\Lab2_445M\OS.s
   Uses
      None
Comment: OS_Init unused
OS_Suspend 00000000

Symbol: OS_Suspend
   Definitions
      At line 8 in file ..\Lab2_445M\OS.s
   Uses
      None
Comment: OS_Suspend unused
3 symbols



ARM Macro Assembler    Page 1 Alphabetic symbol ordering
External symbols

RunPt 00000000

Symbol: RunPt
   Definitions
      At line 6 in file ..\Lab2_445M\OS.s
   Uses
      At line 10 in file ..\Lab2_445M\OS.s
      At line 20 in file ..\Lab2_445M\OS.s

1 symbol
337 symbols in table
